2022-07-21 11:20:25,989 P3168 [INFO] ************************************************************
2022-07-21 11:20:25,989 P3168 [INFO] ConfigSet _OnInstanceBoot
2022-07-21 11:20:25,992 P3168 [INFO] ++++++++++++++++++++++++++++++++++++++++++++++++++++++++++++
2022-07-21 11:20:25,992 P3168 [INFO] Config AWSEBBaseConfig
2022-07-21 11:20:26,179 P3168 [INFO] ============================================================
2022-07-21 11:20:26,179 P3168 [INFO] Command clearbackupfiles
2022-07-21 11:20:26,184 P3168 [INFO] Completed successfully.
2022-07-21 11:20:26,188 P3168 [INFO] ++++++++++++++++++++++++++++++++++++++++++++++++++++++++++++
2022-07-21 11:20:26,188 P3168 [INFO] Config AWSEBCfnHupEndpointOverride
2022-07-21 11:20:26,189 P3168 [INFO] ============================================================
2022-07-21 11:20:26,189 P3168 [INFO] Command clearbackupfiles
2022-07-21 11:20:26,191 P3168 [INFO] Completed successfully.
2022-07-21 11:20:31,705 P3286 [INFO] ************************************************************
2022-07-21 11:20:31,705 P3286 [INFO] ConfigSet Infra-EmbeddedPreBuild
2022-07-21 11:21:21,544 P3428 [INFO] ************************************************************
2022-07-21 11:21:21,544 P3428 [INFO] ConfigSet Infra-EmbeddedPostBuild
2022-07-21 23:16:14,305 P6755 [INFO] ************************************************************
2022-07-21 23:16:14,306 P6755 [INFO] ConfigSet Infra-EmbeddedPostBuild
2022-07-21 23:22:43,606 P7219 [INFO] ************************************************************
2022-07-21 23:22:43,606 P7219 [INFO] ConfigSet Infra-EmbeddedPreBuild
2022-07-21 23:23:12,364 P7407 [INFO] ************************************************************
2022-07-21 23:23:12,364 P7407 [INFO] ConfigSet Infra-EmbeddedPostBuild
2022-07-21 23:29:49,161 P7716 [INFO] ************************************************************
2022-07-21 23:29:49,161 P7716 [INFO] ConfigSet Infra-EmbeddedPreBuild
2022-07-21 23:30:19,122 P7919 [INFO] ************************************************************
2022-07-21 23:30:19,122 P7919 [INFO] ConfigSet Infra-EmbeddedPostBuild
2022-07-21 23:33:26,663 P8209 [INFO] ************************************************************
2022-07-21 23:33:26,663 P8209 [INFO] ConfigSet Infra-EmbeddedPreBuild
2022-07-21 23:33:50,497 P8397 [INFO] ************************************************************
2022-07-21 23:33:50,497 P8397 [INFO] ConfigSet Infra-EmbeddedPostBuild
2022-07-22 00:48:34,426 P9568 [INFO] ************************************************************
2022-07-22 00:48:34,426 P9568 [INFO] ConfigSet Infra-EmbeddedPreBuild
2022-07-22 00:49:02,065 P9758 [INFO] ************************************************************
2022-07-22 00:49:02,066 P9758 [INFO] ConfigSet Infra-EmbeddedPostBuild
