2022-07-21 08:52:39,493 [DEBUG] CloudFormation client initialized with endpoint https://cloudformation.us-east-1.amazonaws.com
2022-07-21 08:52:39,494 [DEBUG] SQS client initialized with endpoint https://sqs.us-east-1.amazonaws.com
2022-07-21 08:52:39,494 [DEBUG] CloudFormation client initialized with endpoint https://cloudformation.us-east-1.amazonaws.com
2022-07-21 08:52:39,494 [DEBUG] Enabled single threading mode.
2022-07-21 08:52:39,494 [DEBUG] Creating /var/lib/cfn-hup/data
2022-07-21 08:52:39,528 [INFO] No umask value specified in config file. Using the default one: 0o22
2022-07-21 08:52:40,368 [INFO] Refreshing listener credentials
2022-07-21 08:52:40,468 [INFO] Scheduling next credential refresh in 1799.0 seconds
2022-07-21 08:53:36,768 [INFO] Received command ElasticBeanstalkCommand-AWSEBAutoScalingGroup (invocation id: ebb9f4cd-c06a-48dd-bea1-58bbdca4b9f3)
2022-07-21 08:53:36,768 [INFO] Running action for aws-eb-command-handler
2022-07-21 08:54:03,054 [INFO] Action for aws-eb-command-handler succeeded, returning SUCCESS
2022-07-21 08:57:43,468 [INFO] command processing is alive.
2022-07-21 09:01:00,044 [INFO] Received command ElasticBeanstalkCommand-AWSEBAutoScalingGroup (invocation id: 5a047c27-8d7f-4290-bbdc-ffe425f0cb83)
2022-07-21 09:01:00,046 [INFO] Running action for aws-eb-command-handler
2022-07-21 09:01:31,326 [INFO] Action for aws-eb-command-handler succeeded, returning SUCCESS
2022-07-21 09:02:51,619 [INFO] command processing is alive.
2022-07-21 09:03:55,611 [INFO] Received command ElasticBeanstalkCommand-AWSEBAutoScalingGroup (invocation id: 66174a8e-cd32-4842-87fb-003beb99e4f9)
2022-07-21 09:03:55,611 [INFO] Running action for aws-eb-command-handler
2022-07-21 09:04:24,146 [INFO] Action for aws-eb-command-handler succeeded, returning SUCCESS
2022-07-21 09:08:04,549 [INFO] command processing is alive.
2022-07-21 09:13:04,975 [INFO] command processing is alive.
2022-07-21 09:18:05,630 [INFO] command processing is alive.
2022-07-21 09:22:39,471 [INFO] Refreshing listener credentials
2022-07-21 09:22:39,555 [INFO] Scheduling next credential refresh in 1799.0 seconds
2022-07-21 09:23:06,057 [INFO] command processing is alive.
2022-07-21 09:28:06,507 [INFO] command processing is alive.
2022-07-21 09:33:06,988 [INFO] command processing is alive.
2022-07-21 09:36:38,972 [INFO] Received command ElasticBeanstalkCommand-AWSEBAutoScalingGroup (invocation id: a28d8e36-d49a-4fef-b51f-8d8f2b17ec1c)
2022-07-21 09:36:38,972 [INFO] Running action for aws-eb-command-handler
2022-07-21 09:37:10,173 [INFO] Action for aws-eb-command-handler succeeded, returning SUCCESS
2022-07-21 09:38:10,344 [INFO] command processing is alive.
2022-07-21 09:43:10,819 [INFO] command processing is alive.
2022-07-21 09:48:11,230 [INFO] command processing is alive.
2022-07-21 09:52:38,555 [INFO] Refreshing listener credentials
2022-07-21 09:52:38,650 [INFO] Scheduling next credential refresh in 1799.0 seconds
2022-07-21 09:53:11,660 [INFO] command processing is alive.
2022-07-21 09:58:12,106 [INFO] command processing is alive.
2022-07-21 10:03:12,688 [INFO] command processing is alive.
2022-07-21 10:08:13,119 [INFO] command processing is alive.
2022-07-21 10:13:13,612 [INFO] command processing is alive.
2022-07-21 10:13:29,678 [INFO] Received command ElasticBeanstalkCommand-AWSEBAutoScalingGroup (invocation id: 418ca44d-3d70-44cb-a92e-49605d4ed9a8)
2022-07-21 10:13:29,679 [INFO] Running action for aws-eb-command-handler
2022-07-21 10:14:01,786 [INFO] Action for aws-eb-command-handler succeeded, returning SUCCESS
2022-07-21 10:15:45,920 [INFO] Received command ElasticBeanstalkCommand-AWSEBAutoScalingGroup (invocation id: ffc06481-13f5-46ee-9a08-08c30bf35f3f)
2022-07-21 10:15:45,920 [INFO] Running action for aws-eb-command-handler
2022-07-21 10:16:13,203 [INFO] Action for aws-eb-command-handler succeeded, returning SUCCESS
2022-07-21 10:18:26,520 [INFO] Received command ElasticBeanstalkCommand-AWSEBAutoScalingGroup (invocation id: 94d5b012-66a7-4eca-8616-ca5511c30108)
2022-07-21 10:18:26,520 [INFO] Running action for aws-eb-command-handler
2022-07-21 10:18:53,121 [INFO] Action for aws-eb-command-handler succeeded, returning SUCCESS
2022-07-21 10:18:53,216 [INFO] command processing is alive.
2022-07-21 10:20:53,522 [INFO] Received command ElasticBeanstalkCommand-AWSEBAutoScalingGroup (invocation id: 08c97a5a-2893-4088-abaa-17724f710ab9)
2022-07-21 10:20:53,522 [INFO] Running action for aws-eb-command-handler
2022-07-21 10:20:54,459 [INFO] Action for aws-eb-command-handler succeeded, returning SUCCESS
2022-07-21 10:22:37,650 [INFO] Refreshing listener credentials
2022-07-21 10:22:37,733 [INFO] Scheduling next credential refresh in 1799.0 seconds
2022-07-21 10:23:54,775 [INFO] command processing is alive.
2022-07-21 10:28:55,394 [INFO] command processing is alive.
2022-07-21 10:33:55,965 [INFO] command processing is alive.
2022-07-21 10:38:56,496 [INFO] command processing is alive.
2022-07-21 10:43:56,968 [INFO] command processing is alive.
2022-07-21 10:48:57,501 [INFO] command processing is alive.
2022-07-21 10:52:36,734 [INFO] Refreshing listener credentials
2022-07-21 10:52:36,823 [INFO] Scheduling next credential refresh in 1799.0 seconds
2022-07-21 10:53:58,070 [INFO] command processing is alive.
2022-07-21 10:57:51,657 [INFO] Received command ElasticBeanstalkCommand-AWSEBAutoScalingGroup (invocation id: 7531fb4d-5d48-4e97-afa6-741b50c107e4)
2022-07-21 10:57:51,657 [INFO] Running action for aws-eb-command-handler
2022-07-21 10:58:21,823 [INFO] Action for aws-eb-command-handler succeeded, returning SUCCESS
2022-07-21 10:59:01,980 [INFO] command processing is alive.
2022-07-21 11:03:10,145 [INFO] Received command ElasticBeanstalkCommand-AWSEBAutoScalingGroup (invocation id: 1f546fd3-f9aa-4c01-8680-1847207b25f9)
2022-07-21 11:03:10,145 [INFO] Running action for aws-eb-command-handler
2022-07-21 11:03:41,587 [INFO] Action for aws-eb-command-handler succeeded, returning SUCCESS
2022-07-21 11:04:21,744 [INFO] command processing is alive.
2022-07-21 11:07:07,618 [INFO] Received command ElasticBeanstalkCommand-AWSEBAutoScalingGroup (invocation id: 4a8cb8f9-a490-4fa7-93e1-90aadd2951e7)
2022-07-21 11:07:07,619 [INFO] Running action for aws-eb-command-handler
2022-07-21 11:07:34,522 [INFO] Action for aws-eb-command-handler succeeded, returning SUCCESS
2022-07-21 11:08:38,996 [INFO] Received command ElasticBeanstalkCommand-AWSEBAutoScalingGroup (invocation id: a73f03c6-5b65-4b78-8cf5-0328000e09c9)
2022-07-21 11:08:38,996 [INFO] Running action for aws-eb-command-handler
2022-07-21 11:09:11,377 [INFO] Action for aws-eb-command-handler succeeded, returning SUCCESS
2022-07-21 11:09:31,552 [INFO] command processing is alive.
2022-07-21 11:09:54,822 [INFO] Received command ElasticBeanstalkCommand-AWSEBAutoScalingGroup (invocation id: 1b83575d-4924-4c2c-9a2e-1c5c9c142721)
2022-07-21 11:09:54,822 [INFO] Running action for aws-eb-command-handler
