[2022-07-21T11:20:24Z] Started EB User Data
+ SLEEP_TIME=10
+ SLEEP_TIME_MAX=3600
+ true
+ curl https://elasticbeanstalk-platform-assets-us-east-1.s3.amazonaws.com/stalks/eb_nodejs16_amazon_linux_2_1.0.1586.0_20220616142551/lib/UserDataScript.sh
  % Total    % Received % Xferd  Average Speed   Time    Time     Time  Current
                                 Dload  Upload   Total   Spent    Left  Speed
  0     0    0     0    0     0      0      0 --:--:-- --:--:-- --:--:--     0100  4627  100  4627    0     0  72505      0 --:--:-- --:--:-- --:--:-- 73444
+ RESULT=0
+ [[ 0 -ne 0 ]]
+ SLEEP_TIME=2
+ /bin/bash /tmp/ebbootstrap.sh 'https://cloudformation-waitcondition-us-east-1.s3.amazonaws.com/arn%3Aaws%3Acloudformation%3Aus-east-1%3A510500699035%3Astack/awseb-e-9epmep9zmh-stack/6aefc080-0895-11ed-9fc0-0add654a614d/AWSEBInstanceLaunchWaitHandle?X-Amz-Algorithm=AWS4-HMAC-SHA256&X-Amz-Date=20220721T013542Z&X-Amz-SignedHeaders=host&X-Amz-Expires=86399&X-Amz-Credential=AKIA6L7Q4OWT2GZYHG7N%2F20220721%2Fus-east-1%2Fs3%2Faws4_request&X-Amz-Signature=c31a51e2d2500aa77bb24524538fe95f6902c13d5bb6bf261867d9fc323dab17' arn:aws:cloudformation:us-east-1:510500699035:stack/awseb-e-9epmep9zmh-stack/6aefc080-0895-11ed-9fc0-0add654a614d c874a3c2-817a-419a-9ebf-cfeb1c7cacbe https://elasticbeanstalk-health.us-east-1.amazonaws.com '' https://elasticbeanstalk-platform-assets-us-east-1.s3.amazonaws.com/stalks/eb_nodejs16_amazon_linux_2_1.0.1586.0_20220616142551 us-east-1
[2022-07-21T11:20:24.762Z] Started EB Bootstrapping Script.
[2022-07-21T11:20:24.786Z] Received parameters:
 TARBALLS = 
 EB_GEMS = 
 SIGNAL_URL = https://cloudformation-waitcondition-us-east-1.s3.amazonaws.com/arn%3Aaws%3Acloudformation%3Aus-east-1%3A510500699035%3Astack/awseb-e-9epmep9zmh-stack/6aefc080-0895-11ed-9fc0-0add654a614d/AWSEBInstanceLaunchWaitHandle?X-Amz-Algorithm=AWS4-HMAC-SHA256&X-Amz-Date=20220721T013542Z&X-Amz-SignedHeaders=host&X-Amz-Expires=86399&X-Amz-Credential=AKIA6L7Q4OWT2GZYHG7N%2F20220721%2Fus-east-1%2Fs3%2Faws4_request&X-Amz-Signature=c31a51e2d2500aa77bb24524538fe95f6902c13d5bb6bf261867d9fc323dab17
 STACK_ID = arn:aws:cloudformation:us-east-1:510500699035:stack/awseb-e-9epmep9zmh-stack/6aefc080-0895-11ed-9fc0-0add654a614d
 REGION = us-east-1
 GUID = 
 HEALTHD_GROUP_ID = c874a3c2-817a-419a-9ebf-cfeb1c7cacbe
 HEALTHD_ENDPOINT = https://elasticbeanstalk-health.us-east-1.amazonaws.com
 PROXY_SERVER = 
 HEALTHD_PROXY_LOG_LOCATION = 
 PLATFORM_ASSETS_URL = https://elasticbeanstalk-platform-assets-us-east-1.s3.amazonaws.com/stalks/eb_nodejs16_amazon_linux_2_1.0.1586.0_20220616142551
[2022-07-21T11:20:24.843Z] engine url is set to https://elasticbeanstalk-platform-assets-us-east-1.s3.amazonaws.com/stalks/eb_nodejs16_amazon_linux_2_1.0.1586.0_20220616142551/lib/platform-engine.zip
[2022-07-21T11:20:24.875Z] first init of instance.
[2022-07-21T11:20:24.889Z] Started executing cfn_init _OnInstanceBoot.
[2022-07-21T11:20:24.901Z] Running cfn-init ConfigSet: _OnInstanceBoot.
[2022-07-21T11:20:24.914Z] Using stack-id from userdata
[2022-07-21T11:20:26.214Z] Command Returned: 
[2022-07-21T11:20:26.219Z] Completed executing cfn_init.
[2022-07-21T11:20:26.224Z] finished _OnInstanceBoot
--2022-07-21 11:20:26--  https://elasticbeanstalk-platform-assets-us-east-1.s3.amazonaws.com/stalks/eb_nodejs16_amazon_linux_2_1.0.1586.0_20220616142551/lib/platform-engine.zip
Resolving elasticbeanstalk-platform-assets-us-east-1.s3.amazonaws.com (elasticbeanstalk-platform-assets-us-east-1.s3.amazonaws.com)... 52.216.145.179
Connecting to elasticbeanstalk-platform-assets-us-east-1.s3.amazonaws.com (elasticbeanstalk-platform-assets-us-east-1.s3.amazonaws.com)|52.216.145.179|:443... connected.
HTTP request sent, awaiting response... 200 OK
Length: 26771879 (26M) [application/zip]
Saving to: ‘/tmp/platform-engine.zip’

     0K .......... .......... .......... .......... ..........  0% 7.61M 3s
    50K .......... .......... .......... .......... ..........  0% 13.9M 3s
   100K .......... .......... .......... .......... ..........  0%  163M 2s
   150K .......... .......... .......... .......... ..........  0% 8.19M 2s
   200K .......... .......... .......... .......... ..........  0%  166M 2s
   250K .......... .......... .......... .......... ..........  1%  180M 1s
   300K .......... .......... .......... .......... ..........  1%  209M 1s
   350K .......... .......... .......... .......... ..........  1% 11.5M 1s
   400K .......... .......... .......... .......... ..........  1%  252M 1s
   450K .......... .......... .......... .......... ..........  1%  196M 1s
   500K .......... .......... .......... .......... ..........  2%  205M 1s
   550K .......... .......... .......... .......... ..........  2% 4.79M 1s
   600K .......... .......... .......... .......... ..........  2% 76.1M 1s
   650K .......... .......... .......... .......... ..........  2%  102M 1s
   700K .......... .......... .......... .......... ..........  2%  113M 1s
   750K .......... .......... .......... .......... ..........  3%  114M 1s
   800K .......... .......... .......... .......... ..........  3%  100M 1s
   850K .......... .......... .......... .......... ..........  3% 76.3M 1s
   900K .......... .......... .......... .......... ..........  3% 74.6M 1s
   950K .......... .......... .......... .......... ..........  3% 81.8M 1s
  1000K .......... .......... .......... .......... ..........  4% 79.4M 1s
  1050K .......... .......... .......... .......... ..........  4% 73.6M 1s
  1100K .......... .......... .......... .......... ..........  4% 76.0M 1s
  1150K .......... .......... .......... .......... ..........  4% 78.9M 1s
  1200K .......... .......... .......... .......... ..........  4% 8.76M 1s
  1250K .......... .......... .......... .......... ..........  4% 75.2M 1s
  1300K .......... .......... .......... .......... ..........  5% 87.3M 1s
  1350K .......... .......... .......... .......... ..........  5% 86.1M 1s
  1400K .......... .......... .......... .......... ..........  5% 73.7M 1s
  1450K .......... .......... .......... .......... ..........  5% 74.6M 1s
  1500K .......... .......... .......... .......... ..........  5% 70.2M 1s
  1550K .......... .......... .......... .......... ..........  6% 72.1M 1s
  1600K .......... .......... .......... .......... ..........  6% 78.0M 1s
  1650K .......... .......... .......... .......... ..........  6% 4.66M 1s
  1700K .......... .......... .......... .......... ..........  6% 79.6M 1s
  1750K .......... .......... .......... .......... ..........  6%  116M 1s
  1800K .......... .......... .......... .......... ..........  7%  109M 1s
  1850K .......... .......... .......... .......... ..........  7%  111M 1s
  1900K .......... .......... .......... .......... ..........  7%  114M 1s
  1950K .......... .......... .......... .......... ..........  7% 76.7M 1s
  2000K .......... .......... .......... .......... ..........  7% 69.1M 1s
  2050K .......... .......... .......... .......... ..........  8% 82.7M 1s
  2100K .......... .......... .......... .......... ..........  8% 76.7M 1s
  2150K .......... .......... .......... .......... ..........  8% 80.0M 1s
  2200K .......... .......... .......... .......... ..........  8% 88.5M 1s
  2250K .......... .......... .......... .......... ..........  8% 7.96M 1s
  2300K .......... .......... .......... .......... ..........  8% 78.7M 1s
  2350K .......... .......... .......... .......... ..........  9% 77.7M 1s
  2400K .......... .......... .......... .......... ..........  9% 76.6M 1s
  2450K .......... .......... .......... .......... ..........  9% 80.3M 1s
  2500K .......... .......... .......... .......... ..........  9% 67.0M 1s
  2550K .......... .......... .......... .......... ..........  9% 77.2M 1s
  2600K .......... .......... .......... .......... .......... 10% 89.6M 1s
  2650K .......... .......... .......... .......... .......... 10% 75.1M 1s
  2700K .......... .......... .......... .......... .......... 10% 75.5M 1s
  2750K .......... .......... .......... .......... .......... 10% 73.5M 1s
  2800K .......... .......... .......... .......... .......... 10% 42.8M 1s
  2850K .......... .......... .......... .......... .......... 11% 7.44M 1s
  2900K .......... .......... .......... .......... .......... 11% 73.5M 1s
  2950K .......... .......... .......... .......... .......... 11% 68.5M 1s
  3000K .......... .......... .......... .......... .......... 11% 80.4M 1s
  3050K .......... .......... .......... .......... .......... 11% 87.0M 1s
  3100K .......... .......... .......... .......... .......... 12% 81.4M 1s
  3150K .......... .......... .......... .......... .......... 12% 73.6M 1s
  3200K .......... .......... .......... .......... .......... 12% 74.2M 1s
  3250K .......... .......... .......... .......... .......... 12% 77.5M 1s
  3300K .......... .......... .......... .......... .......... 12% 74.6M 1s
  3350K .......... .......... .......... .......... .......... 13% 75.5M 1s
  3400K .......... .......... .......... .......... .......... 13% 44.8M 1s
  3450K .......... .......... .......... .......... .......... 13% 4.46M 1s
  3500K .......... .......... .......... .......... .......... 13% 71.2M 1s
  3550K .......... .......... .......... .......... .......... 13% 87.0M 1s
  3600K .......... .......... .......... .......... .......... 13%  108M 1s
  3650K .......... .......... .......... .......... .......... 14% 81.5M 1s
  3700K .......... .......... .......... .......... .......... 14% 77.6M 1s
  3750K .......... .......... .......... .......... .......... 14% 79.8M 1s
  3800K .......... .......... .......... .......... .......... 14% 78.9M 1s
  3850K .......... .......... .......... .......... .......... 14% 87.7M 1s
  3900K .......... .......... .......... .......... .......... 15% 86.6M 1s
  3950K .......... .......... .......... .......... .......... 15% 74.1M 1s
  4000K .......... .......... .......... .......... .......... 15% 74.0M 1s
  4050K .......... .......... .......... .......... .......... 15% 9.51M 1s
  4100K .......... .......... .......... .......... .......... 15% 77.8M 1s
  4150K .......... .......... .......... .......... .......... 16% 82.5M 1s
  4200K .......... .......... .......... .......... .......... 16% 79.0M 1s
  4250K .......... .......... .......... .......... .......... 16% 77.1M 1s
  4300K .......... .......... .......... .......... .......... 16% 84.9M 1s
  4350K .......... .......... .......... .......... .......... 16% 83.7M 1s
  4400K .......... .......... .......... .......... .......... 17% 77.8M 1s
  4450K .......... .......... .......... .......... .......... 17% 80.7M 1s
  4500K .......... .......... .......... .......... .......... 17% 78.7M 1s
  4550K .......... .......... .......... .......... .......... 17% 88.0M 1s
  4600K .......... .......... .......... .......... .......... 17% 79.1M 1s
  4650K .......... .......... .......... .......... .......... 17% 8.79M 1s
  4700K .......... .......... .......... .......... .......... 18% 82.5M 1s
  4750K .......... .......... .......... .......... .......... 18% 94.2M 1s
  4800K .......... .......... .......... .......... .......... 18% 78.3M 1s
  4850K .......... .......... .......... .......... .......... 18% 70.4M 1s
  4900K .......... .......... .......... .......... .......... 18% 71.1M 1s
  4950K .......... .......... .......... .......... .......... 19% 78.4M 1s
  5000K .......... .......... .......... .......... .......... 19% 73.9M 1s
  5050K .......... .......... .......... .......... .......... 19% 73.5M 1s
  5100K .......... .......... .......... .......... .......... 19% 4.16M 1s
  5150K .......... .......... .......... .......... .......... 19% 81.9M 1s
  5200K .......... .......... .......... .......... .......... 20% 75.8M 1s
  5250K .......... .......... .......... .......... .......... 20% 68.5M 1s
  5300K .......... .......... .......... .......... .......... 20% 74.5M 1s
  5350K .......... .......... .......... .......... .......... 20% 80.1M 1s
  5400K .......... .......... .......... .......... .......... 20% 92.4M 1s
  5450K .......... .......... .......... .......... .......... 21% 79.5M 1s
  5500K .......... .......... .......... .......... .......... 21% 73.5M 1s
  5550K .......... .......... .......... .......... .......... 21% 85.4M 1s
  5600K .......... .......... .......... .......... .......... 21% 84.0M 1s
  5650K .......... .......... .......... .......... .......... 21%  102M 1s
  5700K .......... .......... .......... .......... .......... 21%  109M 1s
  5750K .......... .......... .......... .......... .......... 22%  123M 1s
  5800K .......... .......... .......... .......... .......... 22%  109M 1s
  5850K .......... .......... .......... .......... .......... 22% 55.7M 1s
  5900K .......... .......... .......... .......... .......... 22% 9.61M 1s
  5950K .......... .......... .......... .......... .......... 22% 5.59M 1s
  6000K .......... .......... .......... .......... .......... 23%  279M 1s
  6050K .......... .......... .......... .......... .......... 23% 94.1M 1s
  6100K .......... .......... .......... .......... .......... 23%  287M 1s
  6150K .......... .......... .......... .......... .......... 23%  324M 1s
  6200K .......... .......... .......... .......... .......... 23%  246M 1s
  6250K .......... .......... .......... .......... .......... 24%  269M 1s
  6300K .......... .......... .......... .......... .......... 24%  201M 1s
  6350K .......... .......... .......... .......... .......... 24% 85.8M 1s
  6400K .......... .......... .......... .......... .......... 24% 73.1M 1s
  6450K .......... .......... .......... .......... .......... 24% 66.9M 1s
  6500K .......... .......... .......... .......... .......... 25% 9.46M 1s
  6550K .......... .......... .......... .......... .......... 25% 83.4M 1s
  6600K .......... .......... .......... .......... .......... 25% 78.7M 1s
  6650K .......... .......... .......... .......... .......... 25% 87.8M 1s
  6700K .......... .......... .......... .......... .......... 25% 81.8M 1s
  6750K .......... .......... .......... .......... .......... 26% 86.2M 1s
  6800K .......... .......... .......... .......... .......... 26% 77.4M 1s
  6850K .......... .......... .......... .......... .......... 26% 87.6M 1s
  6900K .......... .......... .......... .......... .......... 26% 89.4M 1s
  6950K .......... .......... .......... .......... .......... 26% 93.9M 0s
  7000K .......... .......... .......... .......... .......... 26% 79.5M 0s
  7050K .......... .......... .......... .......... .......... 27% 82.0M 0s
  7100K .......... .......... .......... .......... .......... 27% 79.4M 0s
  7150K .......... .......... .......... .......... .......... 27% 9.87M 0s
  7200K .......... .......... .......... .......... .......... 27% 74.6M 0s
  7250K .......... .......... .......... .......... .......... 27% 89.8M 0s
  7300K .......... .......... .......... .......... .......... 28% 85.4M 0s
  7350K .......... .......... .......... .......... .......... 28% 89.5M 0s
  7400K .......... .......... .......... .......... .......... 28% 68.8M 0s
  7450K .......... .......... .......... .......... .......... 28% 82.4M 0s
  7500K .......... .......... .......... .......... .......... 28% 2.57M 1s
  7550K .......... .......... .......... .......... .......... 29%  206M 1s
  7600K .......... .......... .......... .......... .......... 29%  200M 1s
  7650K .......... .......... .......... .......... .......... 29%  229M 1s
  7700K .......... .......... .......... .......... .......... 29%  244M 1s
  7750K .......... .......... .......... .......... .......... 29%  228M 1s
  7800K .......... .......... .......... .......... .......... 30% 85.4M 0s
  7850K .......... .......... .......... .......... .......... 30% 87.0M 0s
  7900K .......... .......... .......... .......... .......... 30% 84.8M 0s
  7950K .......... .......... .......... .......... .......... 30% 85.6M 0s
  8000K .......... .......... .......... .......... .......... 30% 71.2M 0s
  8050K .......... .......... .......... .......... .......... 30% 83.5M 0s
  8100K .......... .......... .......... .......... .......... 31% 78.2M 0s
  8150K .......... .......... .......... .......... .......... 31% 92.6M 0s
  8200K .......... .......... .......... .......... .......... 31% 71.5M 0s
  8250K .......... .......... .......... .......... .......... 31% 77.6M 0s
  8300K .......... .......... .......... .......... .......... 31% 80.9M 0s
  8350K .......... .......... .......... .......... .......... 32% 82.7M 0s
  8400K .......... .......... .......... .......... .......... 32% 75.0M 0s
  8450K .......... .......... .......... .......... .......... 32% 87.0M 0s
  8500K .......... .......... .......... .......... .......... 32% 82.4M 0s
  8550K .......... .......... .......... .......... .......... 32% 90.1M 0s
  8600K .......... .......... .......... .......... .......... 33% 77.3M 0s
  8650K .......... .......... .......... .......... .......... 33% 78.6M 0s
  8700K .......... .......... .......... .......... .......... 33% 82.4M 0s
  8750K .......... .......... .......... .......... .......... 33% 9.38M 0s
  8800K .......... .......... .......... .......... .......... 33%  277M 0s
  8850K .......... .......... .......... .......... .......... 34%  148M 0s
  8900K .......... .......... .......... .......... .......... 34%  234M 0s
  8950K .......... .......... .......... .......... .......... 34%  240M 0s
  9000K .......... .......... .......... .......... .......... 34% 96.4M 0s
  9050K .......... .......... .......... .......... .......... 34% 8.40M 0s
  9100K .......... .......... .......... .......... .......... 34%  279M 0s
  9150K .......... .......... .......... .......... .......... 35%  138M 0s
  9200K .......... .......... .......... .......... .......... 35%  191M 0s
  9250K .......... .......... .......... .......... .......... 35%  220M 0s
  9300K .......... .......... .......... .......... .......... 35%  210M 0s
  9350K .......... .......... .......... .......... .......... 35%  209M 0s
  9400K .......... .......... .......... .......... .......... 36% 4.60M 0s
  9450K .......... .......... .......... .......... .......... 36% 84.8M 0s
  9500K .......... .......... .......... .......... .......... 36% 86.3M 0s
  9550K .......... .......... .......... .......... .......... 36%  106M 0s
  9600K .......... .......... .......... .......... .......... 36%  111M 0s
  9650K .......... .......... .......... .......... .......... 37%  127M 0s
  9700K .......... .......... .......... .......... .......... 37% 83.6M 0s
  9750K .......... .......... .......... .......... .......... 37% 87.1M 0s
  9800K .......... .......... .......... .......... .......... 37% 73.9M 0s
  9850K .......... .......... .......... .......... .......... 37% 93.7M 0s
  9900K .......... .......... .......... .......... .......... 38% 88.6M 0s
  9950K .......... .......... .......... .......... .......... 38% 86.6M 0s
 10000K .......... .......... .......... .......... .......... 38% 87.4M 0s
 10050K .......... .......... .......... .......... .......... 38% 88.9M 0s
 10100K .......... .......... .......... .......... .......... 38% 54.0M 0s
 10150K .......... .......... .......... .......... .......... 39% 9.44M 0s
 10200K .......... .......... .......... .......... .......... 39% 74.8M 0s
 10250K .......... .......... .......... .......... .......... 39% 85.2M 0s
 10300K .......... .......... .......... .......... .......... 39% 76.1M 0s
 10350K .......... .......... .......... .......... .......... 39% 84.8M 0s
 10400K .......... .......... .......... .......... .......... 39% 82.3M 0s
 10450K .......... .......... .......... .......... .......... 40% 86.8M 0s
 10500K .......... .......... .......... .......... .......... 40% 90.2M 0s
 10550K .......... .......... .......... .......... .......... 40% 9.78M 0s
 10600K .......... .......... .......... .......... .......... 40%  121M 0s
 10650K .......... .......... .......... .......... .......... 40%  208M 0s
 10700K .......... .......... .......... .......... .......... 41%  202M 0s
 10750K .......... .......... .......... .......... .......... 41% 64.0M 0s
 10800K .......... .......... .......... .......... .......... 41% 6.36M 0s
 10850K .......... .......... .......... .......... .......... 41%  105M 0s
 10900K .......... .......... .......... .......... .......... 41%  239M 0s
 10950K .......... .......... .......... .......... .......... 42%  221M 0s
 11000K .......... .......... .......... .......... .......... 42%  181M 0s
 11050K .......... .......... .......... .......... .......... 42%  139M 0s
 11100K .......... .......... .......... .......... .......... 42% 95.7M 0s
 11150K .......... .......... .......... .......... .......... 42% 82.3M 0s
 11200K .......... .......... .......... .......... .......... 43% 43.7M 0s
 11250K .......... .......... .......... .......... .......... 43% 9.69M 0s
 11300K .......... .......... .......... .......... .......... 43%  133M 0s
 11350K .......... .......... .......... .......... .......... 43%  215M 0s
 11400K .......... .......... .......... .......... .......... 43%  191M 0s
 11450K .......... .......... .......... .......... .......... 43%  141M 0s
 11500K .......... .......... .......... .......... .......... 44% 9.97M 0s
 11550K .......... .......... .......... .......... .......... 44% 9.77M 0s
 11600K .......... .......... .......... .......... .......... 44% 78.1M 0s
 11650K .......... .......... .......... .......... .......... 44% 84.2M 0s
 11700K .......... .......... .......... .......... .......... 44% 10.8M 0s
 11750K .......... .......... .......... .......... .......... 45% 84.8M 0s
 11800K .......... .......... .......... .......... .......... 45% 72.8M 0s
 11850K .......... .......... .......... .......... .......... 45% 80.4M 0s
 11900K .......... .......... .......... .......... .......... 45% 84.1M 0s
 11950K .......... .......... .......... .......... .......... 45% 86.5M 0s
 12000K .......... .......... .......... .......... .......... 46% 78.6M 0s
 12050K .......... .......... .......... .......... .......... 46% 91.4M 0s
 12100K .......... .......... .......... .......... .......... 46% 84.2M 0s
 12150K .......... .......... .......... .......... .......... 46% 86.2M 0s
 12200K .......... .......... .......... .......... .......... 46% 68.1M 0s
 12250K .......... .......... .......... .......... .......... 47% 9.69M 0s
 12300K .......... .......... .......... .......... .......... 47% 86.3M 0s
 12350K .......... .......... .......... .......... .......... 47% 88.5M 0s
 12400K .......... .......... .......... .......... .......... 47% 76.1M 0s
 12450K .......... .......... .......... .......... .......... 47% 95.5M 0s
 12500K .......... .......... .......... .......... .......... 48% 81.1M 0s
 12550K .......... .......... .......... .......... .......... 48% 86.2M 0s
 12600K .......... .......... .......... .......... .......... 48% 73.3M 0s
 12650K .......... .......... .......... .......... .......... 48% 92.5M 0s
 12700K .......... .......... .......... .......... .......... 48% 87.3M 0s
 12750K .......... .......... .......... .......... .......... 48% 85.5M 0s
 12800K .......... .......... .......... .......... .......... 49% 74.0M 0s
 12850K .......... .......... .......... .......... .......... 49% 9.56M 0s
 12900K .......... .......... .......... .......... .......... 49% 93.9M 0s
 12950K .......... .......... .......... .......... .......... 49% 90.5M 0s
 13000K .......... .......... .......... .......... .......... 49% 78.3M 0s
 13050K .......... .......... .......... .......... .......... 50% 95.1M 0s
 13100K .......... .......... .......... .......... .......... 50% 93.8M 0s
 13150K .......... .......... .......... .......... .......... 50% 78.3M 0s
 13200K .......... .......... .......... .......... .......... 50% 77.8M 0s
 13250K .......... .......... .......... .......... .......... 50% 92.3M 0s
 13300K .......... .......... .......... .......... .......... 51% 86.0M 0s
 13350K .......... .......... .......... .......... .......... 51% 47.1M 0s
 13400K .......... .......... .......... .......... .......... 51% 10.4M 0s
 13450K .......... .......... .......... .......... .......... 51% 83.0M 0s
 13500K .......... .......... .......... .......... .......... 51% 82.8M 0s
 13550K .......... .......... .......... .......... .......... 52% 93.7M 0s
 13600K .......... .......... .......... .......... .......... 52% 79.5M 0s
 13650K .......... .......... .......... .......... .......... 52% 86.4M 0s
 13700K .......... .......... .......... .......... .......... 52% 9.27M 0s
 13750K .......... .......... .......... .......... .......... 52% 85.8M 0s
 13800K .......... .......... .......... .......... .......... 52% 80.2M 0s
 13850K .......... .......... .......... .......... .......... 53% 91.8M 0s
 13900K .......... .......... .......... .......... .......... 53% 88.7M 0s
 13950K .......... .......... .......... .......... .......... 53% 91.5M 0s
 14000K .......... .......... .......... .......... .......... 53% 10.6M 0s
 14050K .......... .......... .......... .......... .......... 53% 83.0M 0s
 14100K .......... .......... .......... .......... .......... 54% 9.77M 0s
 14150K .......... .......... .......... .......... .......... 54% 89.4M 0s
 14200K .......... .......... .......... .......... .......... 54% 77.0M 0s
 14250K .......... .......... .......... .......... .......... 54% 88.4M 0s
 14300K .......... .......... .......... .......... .......... 54% 90.9M 0s
 14350K .......... .......... .......... .......... .......... 55% 84.3M 0s
 14400K .......... .......... .......... .......... .......... 55% 74.1M 0s
 14450K .......... .......... .......... .......... .......... 55% 82.5M 0s
 14500K .......... .......... .......... .......... .......... 55% 94.1M 0s
 14550K .......... .......... .......... .......... .......... 55% 90.6M 0s
 14600K .......... .......... .......... .......... .......... 56% 69.0M 0s
 14650K .......... .......... .......... .......... .......... 56% 82.8M 0s
 14700K .......... .......... .......... .......... .......... 56% 10.0M 0s
 14750K .......... .......... .......... .......... .......... 56% 68.2M 0s
 14800K .......... .......... .......... .......... .......... 56% 73.5M 0s
 14850K .......... .......... .......... .......... .......... 56% 55.5M 0s
 14900K .......... .......... .......... .......... .......... 57% 9.64M 0s
 14950K .......... .......... .......... .......... .......... 57% 79.0M 0s
 15000K .......... .......... .......... .......... .......... 57% 73.5M 0s
 15050K .......... .......... .......... .......... .......... 57% 85.0M 0s
 15100K .......... .......... .......... .......... .......... 57% 93.9M 0s
 15150K .......... .......... .......... .......... .......... 58% 90.4M 0s
 15200K .......... .......... .......... .......... .......... 58% 80.0M 0s
 15250K .......... .......... .......... .......... .......... 58% 91.3M 0s
 15300K .......... .......... .......... .......... .......... 58% 77.2M 0s
 15350K .......... .......... .......... .......... .......... 58%  100M 0s
 15400K .......... .......... .......... .......... .......... 59% 71.1M 0s
 15450K .......... .......... .......... .......... .......... 59% 81.1M 0s
 15500K .......... .......... .......... .......... .......... 59% 6.41M 0s
 15550K .......... .......... .......... .......... .......... 59%  261M 0s
 15600K .......... .......... .......... .......... .......... 59%  108M 0s
 15650K .......... .......... .......... .......... .......... 60% 84.9M 0s
 15700K .......... .......... .......... .......... .......... 60% 84.8M 0s
 15750K .......... .......... .......... .......... .......... 60% 78.4M 0s
 15800K .......... .......... .......... .......... .......... 60% 65.7M 0s
 15850K .......... .......... .......... .......... .......... 60% 72.2M 0s
 15900K .......... .......... .......... .......... .......... 61% 76.6M 0s
 15950K .......... .......... .......... .......... .......... 61% 84.6M 0s
 16000K .......... .......... .......... .......... .......... 61% 64.8M 0s
 16050K .......... .......... .......... .......... .......... 61% 70.6M 0s
 16100K .......... .......... .......... .......... .......... 61% 70.2M 0s
 16150K .......... .......... .......... .......... .......... 61% 87.0M 0s
 16200K .......... .......... .......... .......... .......... 62%  103M 0s
 16250K .......... .......... .......... .......... .......... 62% 57.6M 0s
 16300K .......... .......... .......... .......... .......... 62% 87.4M 0s
 16350K .......... .......... .......... .......... .......... 62% 74.2M 0s
 16400K .......... .......... .......... .......... .......... 62% 6.75M 0s
 16450K .......... .......... .......... .......... .......... 63%  268M 0s
 16500K .......... .......... .......... .......... .......... 63%  298M 0s
 16550K .......... .......... .......... .......... .......... 63%  102M 0s
 16600K .......... .......... .......... .......... .......... 63% 66.0M 0s
 16650K .......... .......... .......... .......... .......... 63% 83.5M 0s
 16700K .......... .......... .......... .......... .......... 64% 71.4M 0s
 16750K .......... .......... .......... .......... .......... 64% 74.9M 0s
 16800K .......... .......... .......... .......... .......... 64% 63.9M 0s
 16850K .......... .......... .......... .......... .......... 64% 71.7M 0s
 16900K .......... .......... .......... .......... .......... 64% 66.5M 0s
 16950K .......... .......... .......... .......... .......... 65% 69.7M 0s
 17000K .......... .......... .......... .......... .......... 65% 65.7M 0s
 17050K .......... .......... .......... .......... .......... 65% 68.1M 0s
 17100K .......... .......... .......... .......... .......... 65% 73.3M 0s
 17150K .......... .......... .......... .......... .......... 65% 67.1M 0s
 17200K .......... .......... .......... .......... .......... 65% 63.1M 0s
 17250K .......... .......... .......... .......... .......... 66% 68.3M 0s
 17300K .......... .......... .......... .......... .......... 66% 4.05M 0s
 17350K .......... .......... .......... .......... .......... 66%  121M 0s
 17400K .......... .......... .......... .......... .......... 66%  103M 0s
 17450K .......... .......... .......... .......... .......... 66%  121M 0s
 17500K .......... .......... .......... .......... .......... 67%  122M 0s
 17550K .......... .......... .......... .......... .......... 67%  113M 0s
 17600K .......... .......... .......... .......... .......... 67%  103M 0s
 17650K .......... .......... .......... .......... .......... 67% 68.9M 0s
 17700K .......... .......... .......... .......... .......... 67% 74.0M 0s
 17750K .......... .......... .......... .......... .......... 68% 88.5M 0s
 17800K .......... .......... .......... .......... .......... 68% 72.2M 0s
 17850K .......... .......... .......... .......... .......... 68% 84.0M 0s
 17900K .......... .......... .......... .......... .......... 68% 80.3M 0s
 17950K .......... .......... .......... .......... .......... 68% 85.3M 0s
 18000K .......... .......... .......... .......... .......... 69% 74.5M 0s
 18050K .......... .......... .......... .......... .......... 69% 83.2M 0s
 18100K .......... .......... .......... .......... .......... 69% 78.9M 0s
 18150K .......... .......... .......... .......... .......... 69% 78.7M 0s
 18200K .......... .......... .......... .......... .......... 69% 71.5M 0s
 18250K .......... .......... .......... .......... .......... 69% 75.9M 0s
 18300K .......... .......... .......... .......... .......... 70% 83.7M 0s
 18350K .......... .......... .......... .......... .......... 70% 77.0M 0s
 18400K .......... .......... .......... .......... .......... 70% 75.2M 0s
 18450K .......... .......... .......... .......... .......... 70% 84.9M 0s
 18500K .......... .......... .......... .......... .......... 70% 96.7M 0s
 18550K .......... .......... .......... .......... .......... 71% 83.3M 0s
 18600K .......... .......... .......... .......... .......... 71% 74.8M 0s
 18650K .......... .......... .......... .......... .......... 71% 86.2M 0s
 18700K .......... .......... .......... .......... .......... 71% 44.8M 0s
 18750K .......... .......... .......... .......... .......... 71% 80.0M 0s
 18800K .......... .......... .......... .......... .......... 72% 9.12M 0s
 18850K .......... .......... .......... .......... .......... 72% 80.0M 0s
 18900K .......... .......... .......... .......... .......... 72% 77.3M 0s
 18950K .......... .......... .......... .......... .......... 72% 75.0M 0s
 19000K .......... .......... .......... .......... .......... 72% 64.7M 0s
 19050K .......... .......... .......... .......... .......... 73% 77.3M 0s
 19100K .......... .......... .......... .......... .......... 73% 69.9M 0s
 19150K .......... .......... .......... .......... .......... 73% 73.3M 0s
 19200K .......... .......... .......... .......... .......... 73% 8.70M 0s
 19250K .......... .......... .......... .......... .......... 73% 86.6M 0s
 19300K .......... .......... .......... .......... .......... 74% 84.5M 0s
 19350K .......... .......... .......... .......... .......... 74% 81.4M 0s
 19400K .......... .......... .......... .......... .......... 74% 78.9M 0s
 19450K .......... .......... .......... .......... .......... 74% 89.8M 0s
 19500K .......... .......... .......... .......... .......... 74% 85.0M 0s
 19550K .......... .......... .......... .......... .......... 74% 88.9M 0s
 19600K .......... .......... .......... .......... .......... 75% 82.0M 0s
 19650K .......... .......... .......... .......... .......... 75% 86.0M 0s
 19700K .......... .......... .......... .......... .......... 75% 61.7M 0s
 19750K .......... .......... .......... .......... .......... 75% 87.3M 0s
 19800K .......... .......... .......... .......... .......... 75% 76.4M 0s
 19850K .......... .......... .......... .......... .......... 76% 8.54M 0s
 19900K .......... .......... .......... .......... .......... 76% 77.2M 0s
 19950K .......... .......... .......... .......... .......... 76% 84.0M 0s
 20000K .......... .......... .......... .......... .......... 76% 73.7M 0s
 20050K .......... .......... .......... .......... .......... 76% 85.2M 0s
 20100K .......... .......... .......... .......... .......... 77% 84.3M 0s
 20150K .......... .......... .......... .......... .......... 77% 84.6M 0s
 20200K .......... .......... .......... .......... .......... 77% 77.9M 0s
 20250K .......... .......... .......... .......... .......... 77% 80.0M 0s
 20300K .......... .......... .......... .......... .......... 77% 85.0M 0s
 20350K .......... .......... .......... .......... .......... 78% 81.3M 0s
 20400K .......... .......... .......... .......... .......... 78% 9.98M 0s
 20450K .......... .......... .......... .......... .......... 78% 83.5M 0s
 20500K .......... .......... .......... .......... .......... 78% 88.7M 0s
 20550K .......... .......... .......... .......... .......... 78% 78.4M 0s
 20600K .......... .......... .......... .......... .......... 78% 75.2M 0s
 20650K .......... .......... .......... .......... .......... 79% 95.8M 0s
 20700K .......... .......... .......... .......... .......... 79% 85.5M 0s
 20750K .......... .......... .......... .......... .......... 79% 54.0M 0s
 20800K .......... .......... .......... .......... .......... 79% 4.65M 0s
 20850K .......... .......... .......... .......... .......... 79%  100M 0s
 20900K .......... .......... .......... .......... .......... 80% 94.0M 0s
 20950K .......... .......... .......... .......... .......... 80% 90.0M 0s
 21000K .......... .......... .......... .......... .......... 80% 81.6M 0s
 21050K .......... .......... .......... .......... .......... 80% 88.7M 0s
 21100K .......... .......... .......... .......... .......... 80% 89.8M 0s
 21150K .......... .......... .......... .......... .......... 81% 83.0M 0s
 21200K .......... .......... .......... .......... .......... 81% 73.4M 0s
 21250K .......... .......... .......... .......... .......... 81% 81.8M 0s
 21300K .......... .......... .......... .......... .......... 81% 88.6M 0s
 21350K .......... .......... .......... .......... .......... 81% 82.2M 0s
 21400K .......... .......... .......... .......... .......... 82% 74.6M 0s
 21450K .......... .......... .......... .......... .......... 82% 74.4M 0s
 21500K .......... .......... .......... .......... .......... 82% 79.6M 0s
 21550K .......... .......... .......... .......... .......... 82% 77.1M 0s
 21600K .......... .......... .......... .......... .......... 82% 8.48M 0s
 21650K .......... .......... .......... .......... .......... 83% 79.5M 0s
 21700K .......... .......... .......... .......... .......... 83% 77.8M 0s
 21750K .......... .......... .......... .......... .......... 83% 81.1M 0s
 21800K .......... .......... .......... .......... .......... 83% 6.78M 0s
 21850K .......... .......... .......... .......... .......... 83% 62.0M 0s
 21900K .......... .......... .......... .......... .......... 83% 77.6M 0s
 21950K .......... .......... .......... .......... .......... 84% 84.4M 0s
 22000K .......... .......... .......... .......... .......... 84% 68.3M 0s
 22050K .......... .......... .......... .......... .......... 84% 79.9M 0s
 22100K .......... .......... .......... .......... .......... 84%  124M 0s
 22150K .......... .......... .......... .......... .......... 84%  122M 0s
 22200K .......... .......... .......... .......... .......... 85% 76.2M 0s
 22250K .......... .......... .......... .......... .......... 85% 80.3M 0s
 22300K .......... .......... .......... .......... .......... 85% 92.8M 0s
 22350K .......... .......... .......... .......... .......... 85% 96.7M 0s
 22400K .......... .......... .......... .......... .......... 85%  102M 0s
 22450K .......... .......... .......... .......... .......... 86%  112M 0s
 22500K .......... .......... .......... .......... .......... 86%  129M 0s
 22550K .......... .......... .......... .......... .......... 86%  126M 0s
 22600K .......... .......... .......... .......... .......... 86%  105M 0s
 22650K .......... .......... .......... .......... .......... 86%  127M 0s
 22700K .......... .......... .......... .......... .......... 87%  128M 0s
 22750K .......... .......... .......... .......... .......... 87%  117M 0s
 22800K .......... .......... .......... .......... .......... 87% 8.91M 0s
 22850K .......... .......... .......... .......... .......... 87%  210M 0s
 22900K .......... .......... .......... .......... .......... 87%  217M 0s
 22950K .......... .......... .......... .......... .......... 87%  240M 0s
 23000K .......... .......... .......... .......... .......... 88%  188M 0s
 23050K .......... .......... .......... .......... .......... 88%  221M 0s
 23100K .......... .......... .......... .......... .......... 88%  224M 0s
 23150K .......... .......... .......... .......... .......... 88% 2.70M 0s
 23200K .......... .......... .......... .......... .......... 88%  241M 0s
 23250K .......... .......... .......... .......... .......... 89%  117M 0s
 23300K .......... .......... .......... .......... .......... 89%  226M 0s
 23350K .......... .......... .......... .......... .......... 89%  221M 0s
 23400K .......... .......... .......... .......... .......... 89%  203M 0s
 23450K .......... .......... .......... .......... .......... 89%  292M 0s
 23500K .......... .......... .......... .......... .......... 90%  288M 0s
 23550K .......... .......... .......... .......... .......... 90% 7.19M 0s
 23600K .......... .......... .......... .......... .......... 90%  274M 0s
 23650K .......... .......... .......... .......... .......... 90%  148M 0s
 23700K .......... .......... .......... .......... .......... 90%  239M 0s
 23750K .......... .......... .......... .......... .......... 91%  214M 0s
 23800K .......... .......... .......... .......... .......... 91% 53.1M 0s
 23850K .......... .......... .......... .......... .......... 91% 7.09M 0s
 23900K .......... .......... .......... .......... .......... 91%  148M 0s
 23950K .......... .......... .......... .......... .......... 91%  211M 0s
 24000K .......... .......... .......... .......... .......... 91%  193M 0s
 24050K .......... .......... .......... .......... .......... 92%  220M 0s
 24100K .......... .......... .......... .......... .......... 92%  221M 0s
 24150K .......... .......... .......... .......... .......... 92%  273M 0s
 24200K .......... .......... .......... .......... .......... 92% 3.08M 0s
 24250K .......... .......... .......... .......... .......... 92%  112M 0s
 24300K .......... .......... .......... .......... .......... 93%  293M 0s
 24350K .......... .......... .......... .......... .......... 93%  304M 0s
 24400K .......... .......... .......... .......... .......... 93%  289M 0s
 24450K .......... .......... .......... .......... .......... 93%  303M 0s
 24500K .......... .......... .......... .......... .......... 93%  313M 0s
 24550K .......... .......... .......... .......... .......... 94% 5.89M 0s
 24600K .......... .......... .......... .......... .......... 94%  178M 0s
 24650K .......... .......... .......... .......... .......... 94%  198M 0s
 24700K .......... .......... .......... .......... .......... 94%  221M 0s
 24750K .......... .......... .......... .......... .......... 94%  206M 0s
 24800K .......... .......... .......... .......... .......... 95%  124M 0s
 24850K .......... .......... .......... .......... .......... 95%  104M 0s
 24900K .......... .......... .......... .......... .......... 95% 6.16M 0s
 24950K .......... .......... .......... .......... .......... 95%  307M 0s
 25000K .......... .......... .......... .......... .......... 95%  125M 0s
 25050K .......... .......... .......... .......... .......... 96%  228M 0s
 25100K .......... .......... .......... .......... .......... 96%  244M 0s
 25150K .......... .......... .......... .......... .......... 96%  323M 0s
 25200K .......... .......... .......... .......... .......... 96% 64.8M 0s
 25250K .......... .......... .......... .......... .......... 96% 6.70M 0s
 25300K .......... .......... .......... .......... .......... 96%  290M 0s
 25350K .......... .......... .......... .......... .......... 97%  128M 0s
 25400K .......... .......... .......... .......... .......... 97%  187M 0s
 25450K .......... .......... .......... .......... .......... 97%  262M 0s
 25500K .......... .......... .......... .......... .......... 97% 99.3M 0s
 25550K .......... .......... .......... .......... .......... 97% 92.7M 0s
 25600K .......... .......... .......... .......... .......... 98% 66.5M 0s
 25650K .......... .......... .......... .......... .......... 98% 85.2M 0s
 25700K .......... .......... .......... .......... .......... 98% 73.7M 0s
 25750K .......... .......... .......... .......... .......... 98% 79.5M 0s
 25800K .......... .......... .......... .......... .......... 98% 8.58M 0s
 25850K .......... .......... .......... .......... .......... 99%  270M 0s
 25900K .......... .......... .......... .......... .......... 99%  125M 0s
 25950K .......... .......... .......... .......... .......... 99%  193M 0s
 26000K .......... .......... .......... .......... .......... 99%  147M 0s
 26050K .......... .......... .......... .......... .......... 99%  107M 0s
 26100K .......... .......... .......... .......... ....      100%  129M=0.6s

2022-07-21 11:20:26 (40.0 MB/s) - ‘/tmp/platform-engine.zip’ saved [26771879/26771879]

Archive:  /tmp/platform-engine.zip
  inflating: /opt/elasticbeanstalk/bin/platform-engine  
  inflating: /opt/elasticbeanstalk/bin/publishlogs  
  inflating: /opt/elasticbeanstalk/bin/pkg-repo  
  inflating: /opt/elasticbeanstalk/bin/get-config  
  inflating: /opt/elasticbeanstalk/config/private/aws-eb.target  
  inflating: /opt/elasticbeanstalk/config/private/logrotate/logrotate-cron.template  
  inflating: /opt/elasticbeanstalk/config/private/logrotate/logrotate.template  
  inflating: /opt/elasticbeanstalk/config/private/systemd.template  
  inflating: /opt/elasticbeanstalk/config/private/systemd-append.template  
  inflating: /opt/elasticbeanstalk/config/private/guidlocking/repo.py  
  inflating: /opt/elasticbeanstalk/config/private/restartcloudwatchagent.sh  
  inflating: /opt/elasticbeanstalk/config/private/healthd/healthd_httpd.conf  
  inflating: /opt/elasticbeanstalk/config/private/healthd/healthd_nginx.conf  
  inflating: /opt/elasticbeanstalk/config/private/healthd/healthd_logformat.conf  
  inflating: /opt/elasticbeanstalk/config/private/healthd/healthddependency  
  inflating: /opt/elasticbeanstalk/config/private/healthd/logcleanup-cron.template  
  inflating: /opt/elasticbeanstalk/config/private/healthd/config.yaml.template  
 extracting: /opt/elasticbeanstalk/config/private/restartcfn.sh  
  inflating: /opt/elasticbeanstalk/config/private/sqsd/default.yaml.template  
  inflating: /opt/elasticbeanstalk/config/private/sqsd/sqsdversion.json  
  inflating: /opt/elasticbeanstalk/config/private/beanstalk-magic  
  inflating: /opt/elasticbeanstalk/config/private/containercommandsupport/leader-test.sh  
  inflating: /opt/elasticbeanstalk/config/private/containercommandsupport/container-defaults.sh  
  inflating: /opt/elasticbeanstalk/config/private/ruby_common_env  
  inflating: /opt/elasticbeanstalk/config/private/nginx/applicationport.conf.template  
  inflating: /opt/elasticbeanstalk/config/private/nginx/staticfilesmapping.conf.template  
  inflating: /opt/elasticbeanstalk/config/private/nginx/nginx.conf.template  
  inflating: /opt/elasticbeanstalk/config/private/cfn-hup.conf.template  
  inflating: /opt/elasticbeanstalk/config/private/httpd/applicationport.conf.template  
  inflating: /opt/elasticbeanstalk/config/private/httpd/staticfilesmapping.conf.template  
  inflating: /opt/elasticbeanstalk/config/private/httpd/gzip.conf  
  inflating: /opt/elasticbeanstalk/config/private/httpd/httpd.conf.template  
  inflating: /opt/elasticbeanstalk/config/private/cfn-hup-wrapper  
  inflating: /opt/elasticbeanstalk/config/private/eb-banner  
  inflating: /opt/elasticbeanstalk/config/private/aws-eb-command-handler.conf  
  inflating: /opt/elasticbeanstalk/config/private/rsyslog.conf.template  
  inflating: /opt/elasticbeanstalk/config/private/logtasks/cron/publishlogs  
  inflating: /opt/elasticbeanstalk/tasks/taillogs.d/eb-app.conf  
  inflating: /opt/elasticbeanstalk/tasks/taillogs.d/eb-engine.conf  
  inflating: /opt/elasticbeanstalk/tasks/bundlelogs.d/eb-app.conf  
  inflating: /opt/elasticbeanstalk/tasks/bundlelogs.d/eb-system.conf  
 extracting: /opt/elasticbeanstalk/tasks/bundlelogs.d/cloud-init-system.conf  
 extracting: /opt/elasticbeanstalk/tasks/bundlelogs.d/eb-hooks.conf  
  inflating: /opt/elasticbeanstalk/tasks/bundlelogs.d/system.conf  
  inflating: /opt/elasticbeanstalk/tasks/bundlelogs.d/cfn-system.conf  
 extracting: /opt/elasticbeanstalk/tasks/bundlelogs.d/rotate.conf  
 extracting: /opt/elasticbeanstalk/tasks/publishlogs.d/eb-app.conf  
[2022-07-21T11:21:22.574Z] Successfully bootstrapped instance.
[2022-07-21T11:21:22.590Z] Sending signal 0 to CFN wait condition https://cloudformation-waitcondition-us-east-1.s3.amazonaws.com/arn%3Aaws%3Acloudformation%3Aus-east-1%3A510500699035%3Astack/awseb-e-9epmep9zmh-stack/6aefc080-0895-11ed-9fc0-0add654a614d/AWSEBInstanceLaunchWaitHandle?X-Amz-Algorithm=AWS4-HMAC-SHA256&X-Amz-Date=20220721T013542Z&X-Amz-SignedHeaders=host&X-Amz-Expires=86399&X-Amz-Credential=AKIA6L7Q4OWT2GZYHG7N%2F20220721%2Fus-east-1%2Fs3%2Faws4_request&X-Amz-Signature=c31a51e2d2500aa77bb24524538fe95f6902c13d5bb6bf261867d9fc323dab17
CloudFormation signaled successfully with %s.
[2022-07-21T11:21:23.102Z] Tailing /var/log/eb-commandprocessor.log

******************* eb-commandprocessor taillog *******************
***eb-commandprocessor is not available yet.***
******************* End of taillog *******************


[2022-07-21T11:21:23.112Z] Tailing /var/log/eb-activity.log

******************* eb-activity taillog *******************
***eb-activity is not available yet.***
******************* End of taillog *******************


[2022-07-21T11:21:23.126Z] Tailing /var/log/eb-tools.log

******************* eb-tools taillog *******************
***eb-tools is not available yet.***
******************* End of taillog *******************


[2022-07-21T11:21:23.145Z] Tailing /var/log/eb-version-deployment.log

******************* eb-version-deployment taillog *******************
***eb-version-deployment is not available yet.***
******************* End of taillog *******************


[2022-07-21T11:21:23.158Z] Tailing /var/log/cfn-init.log

******************* cfn-init taillog *******************
2022-07-21 11:20:25,981 [INFO] -----------------------Starting build-----------------------
2022-07-21 11:20:25,987 [INFO] Running configSets: _OnInstanceBoot
2022-07-21 11:20:25,989 [INFO] Running configSet _OnInstanceBoot
2022-07-21 11:20:25,991 [INFO] Running config AWSEBBaseConfig
2022-07-21 11:20:26,184 [INFO] Command clearbackupfiles succeeded
2022-07-21 11:20:26,188 [INFO] Running config AWSEBCfnHupEndpointOverride
2022-07-21 11:20:26,191 [INFO] Command clearbackupfiles succeeded
2022-07-21 11:20:26,193 [INFO] ConfigSets completed
2022-07-21 11:20:26,193 [INFO] -----------------------Build complete-----------------------
2022-07-21 11:20:31,681 [INFO] -----------------------Starting build-----------------------
2022-07-21 11:20:31,692 [INFO] Running configSets: Infra-EmbeddedPreBuild
2022-07-21 11:20:31,705 [INFO] Running configSet Infra-EmbeddedPreBuild
2022-07-21 11:20:31,705 [INFO] ConfigSets completed
2022-07-21 11:20:31,705 [INFO] -----------------------Build complete-----------------------
2022-07-21 11:21:21,530 [INFO] -----------------------Starting build-----------------------
2022-07-21 11:21:21,540 [INFO] Running configSets: Infra-EmbeddedPostBuild
2022-07-21 11:21:21,544 [INFO] Running configSet Infra-EmbeddedPostBuild
2022-07-21 11:21:21,544 [INFO] ConfigSets completed
2022-07-21 11:21:21,544 [INFO] -----------------------Build complete-----------------------
******************* End of taillog *******************


[2022-07-21T11:21:23.182Z] Tailing /var/log/cfn-hup.log

******************* cfn-hup taillog *******************
2022-07-21 11:20:31,460 [DEBUG] CloudFormation client initialized with endpoint https://cloudformation.us-east-1.amazonaws.com
2022-07-21 11:20:31,460 [DEBUG] SQS client initialized with endpoint https://sqs.us-east-1.amazonaws.com
2022-07-21 11:20:31,461 [DEBUG] CloudFormation client initialized with endpoint https://cloudformation.us-east-1.amazonaws.com
2022-07-21 11:20:31,461 [DEBUG] Enabled single threading mode.
2022-07-21 11:20:31,461 [DEBUG] Creating /var/lib/cfn-hup/data
2022-07-21 11:20:31,491 [INFO] No umask value specified in config file. Using the default one: 0o22
2022-07-21 11:20:32,364 [INFO] Refreshing listener credentials
2022-07-21 11:20:32,692 [INFO] Scheduling next credential refresh in 1799.0 seconds
******************* End of taillog *******************


[2022-07-21T11:21:23.204Z] Completed EB Bootstrapping Script.
+ RESULT=0
+ [[ 0 -ne 0 ]]
+ exit 0
