Jul 21 11:21:22 ip-172-31-90-2 web: > udagram-api@2.0.0 start
Jul 21 11:21:22 ip-172-31-90-2 web: > node ./www/server.js
Jul 21 11:21:22 ip-172-31-90-2 web: node:internal/modules/cjs/loader:936
Jul 21 11:21:22 ip-172-31-90-2 web: throw err;
Jul 21 11:21:22 ip-172-31-90-2 web: ^
Jul 21 11:21:22 ip-172-31-90-2 web: Error: Cannot find module '/var/app/current/www/server.js'
Jul 21 11:21:22 ip-172-31-90-2 web: at Function.Module._resolveFilename (node:internal/modules/cjs/loader:933:15)
Jul 21 11:21:22 ip-172-31-90-2 web: at Function.Module._load (node:internal/modules/cjs/loader:778:27)
Jul 21 11:21:22 ip-172-31-90-2 web: at Function.executeUserEntryPoint [as runMain] (node:internal/modules/run_main:77:12)
Jul 21 11:21:22 ip-172-31-90-2 web: at node:internal/main/run_main_module:17:47 {
Jul 21 11:21:22 ip-172-31-90-2 web: code: 'MODULE_NOT_FOUND',
Jul 21 11:21:22 ip-172-31-90-2 web: requireStack: []
Jul 21 11:21:22 ip-172-31-90-2 web: }
Jul 21 11:21:23 ip-172-31-90-2 web: > udagram-api@2.0.0 start
Jul 21 11:21:23 ip-172-31-90-2 web: > node ./www/server.js
Jul 21 11:21:23 ip-172-31-90-2 web: node:internal/modules/cjs/loader:936
Jul 21 11:21:23 ip-172-31-90-2 web: throw err;
Jul 21 11:21:23 ip-172-31-90-2 web: ^
Jul 21 11:21:23 ip-172-31-90-2 web: Error: Cannot find module '/var/app/current/www/server.js'
Jul 21 11:21:23 ip-172-31-90-2 web: at Function.Module._resolveFilename (node:internal/modules/cjs/loader:933:15)
Jul 21 11:21:23 ip-172-31-90-2 web: at Function.Module._load (node:internal/modules/cjs/loader:778:27)
Jul 21 11:21:23 ip-172-31-90-2 web: at Function.executeUserEntryPoint [as runMain] (node:internal/modules/run_main:77:12)
Jul 21 11:21:23 ip-172-31-90-2 web: at node:internal/main/run_main_module:17:47 {
Jul 21 11:21:23 ip-172-31-90-2 web: code: 'MODULE_NOT_FOUND',
Jul 21 11:21:23 ip-172-31-90-2 web: requireStack: []
Jul 21 11:21:23 ip-172-31-90-2 web: }
Jul 21 11:21:24 ip-172-31-90-2 web: > udagram-api@2.0.0 start
Jul 21 11:21:24 ip-172-31-90-2 web: > node ./www/server.js
Jul 21 11:21:24 ip-172-31-90-2 web: node:internal/modules/cjs/loader:936
Jul 21 11:21:24 ip-172-31-90-2 web: throw err;
Jul 21 11:21:24 ip-172-31-90-2 web: ^
Jul 21 11:21:24 ip-172-31-90-2 web: Error: Cannot find module '/var/app/current/www/server.js'
Jul 21 11:21:24 ip-172-31-90-2 web: at Function.Module._resolveFilename (node:internal/modules/cjs/loader:933:15)
Jul 21 11:21:24 ip-172-31-90-2 web: at Function.Module._load (node:internal/modules/cjs/loader:778:27)
Jul 21 11:21:24 ip-172-31-90-2 web: at Function.executeUserEntryPoint [as runMain] (node:internal/modules/run_main:77:12)
Jul 21 11:21:24 ip-172-31-90-2 web: at node:internal/main/run_main_module:17:47 {
Jul 21 11:21:24 ip-172-31-90-2 web: code: 'MODULE_NOT_FOUND',
Jul 21 11:21:24 ip-172-31-90-2 web: requireStack: []
Jul 21 11:21:24 ip-172-31-90-2 web: }
Jul 21 11:21:25 ip-172-31-90-2 web: > udagram-api@2.0.0 start
Jul 21 11:21:25 ip-172-31-90-2 web: > node ./www/server.js
Jul 21 11:21:25 ip-172-31-90-2 web: node:internal/modules/cjs/loader:936
Jul 21 11:21:25 ip-172-31-90-2 web: throw err;
Jul 21 11:21:25 ip-172-31-90-2 web: ^
Jul 21 11:21:25 ip-172-31-90-2 web: Error: Cannot find module '/var/app/current/www/server.js'
Jul 21 11:21:25 ip-172-31-90-2 web: at Function.Module._resolveFilename (node:internal/modules/cjs/loader:933:15)
Jul 21 11:21:25 ip-172-31-90-2 web: at Function.Module._load (node:internal/modules/cjs/loader:778:27)
Jul 21 11:21:25 ip-172-31-90-2 web: at Function.executeUserEntryPoint [as runMain] (node:internal/modules/run_main:77:12)
Jul 21 11:21:25 ip-172-31-90-2 web: at node:internal/main/run_main_module:17:47 {
Jul 21 11:21:25 ip-172-31-90-2 web: code: 'MODULE_NOT_FOUND',
Jul 21 11:21:25 ip-172-31-90-2 web: requireStack: []
Jul 21 11:21:25 ip-172-31-90-2 web: }
Jul 21 11:21:25 ip-172-31-90-2 web: > udagram-api@2.0.0 start
Jul 21 11:21:25 ip-172-31-90-2 web: > node ./www/server.js
Jul 21 11:21:26 ip-172-31-90-2 web: node:internal/modules/cjs/loader:936
Jul 21 11:21:26 ip-172-31-90-2 web: throw err;
Jul 21 11:21:26 ip-172-31-90-2 web: ^
Jul 21 11:21:26 ip-172-31-90-2 web: Error: Cannot find module '/var/app/current/www/server.js'
Jul 21 11:21:26 ip-172-31-90-2 web: at Function.Module._resolveFilename (node:internal/modules/cjs/loader:933:15)
Jul 21 11:21:26 ip-172-31-90-2 web: at Function.Module._load (node:internal/modules/cjs/loader:778:27)
Jul 21 11:21:26 ip-172-31-90-2 web: at Function.executeUserEntryPoint [as runMain] (node:internal/modules/run_main:77:12)
Jul 21 11:21:26 ip-172-31-90-2 web: at node:internal/main/run_main_module:17:47 {
Jul 21 11:21:26 ip-172-31-90-2 web: code: 'MODULE_NOT_FOUND',
Jul 21 11:21:26 ip-172-31-90-2 web: requireStack: []
Jul 21 11:21:26 ip-172-31-90-2 web: }
Jul 21 11:21:26 ip-172-31-90-2 web: > udagram-api@2.0.0 start
Jul 21 11:21:26 ip-172-31-90-2 web: > node ./www/server.js
Jul 21 11:21:26 ip-172-31-90-2 web: node:internal/modules/cjs/loader:936
Jul 21 11:21:26 ip-172-31-90-2 web: throw err;
Jul 21 11:21:26 ip-172-31-90-2 web: ^
Jul 21 11:21:26 ip-172-31-90-2 web: Error: Cannot find module '/var/app/current/www/server.js'
Jul 21 11:21:26 ip-172-31-90-2 web: at Function.Module._resolveFilename (node:internal/modules/cjs/loader:933:15)
Jul 21 11:21:26 ip-172-31-90-2 web: at Function.Module._load (node:internal/modules/cjs/loader:778:27)
Jul 21 11:21:26 ip-172-31-90-2 web: at Function.executeUserEntryPoint [as runMain] (node:internal/modules/run_main:77:12)
Jul 21 11:21:26 ip-172-31-90-2 web: at node:internal/main/run_main_module:17:47 {
Jul 21 11:21:26 ip-172-31-90-2 web: code: 'MODULE_NOT_FOUND',
Jul 21 11:21:26 ip-172-31-90-2 web: requireStack: []
Jul 21 11:21:26 ip-172-31-90-2 web: }
Jul 21 23:16:16 ip-172-31-90-2 web: > udagram-api@2.0.0 start
Jul 21 23:16:16 ip-172-31-90-2 web: > node ./www/server.js
Jul 21 23:16:16 ip-172-31-90-2 web: node:internal/modules/cjs/loader:936
Jul 21 23:16:16 ip-172-31-90-2 web: throw err;
Jul 21 23:16:16 ip-172-31-90-2 web: ^
Jul 21 23:16:16 ip-172-31-90-2 web: Error: Cannot find module '/var/app/current/www/server.js'
Jul 21 23:16:16 ip-172-31-90-2 web: at Function.Module._resolveFilename (node:internal/modules/cjs/loader:933:15)
Jul 21 23:16:16 ip-172-31-90-2 web: at Function.Module._load (node:internal/modules/cjs/loader:778:27)
Jul 21 23:16:16 ip-172-31-90-2 web: at Function.executeUserEntryPoint [as runMain] (node:internal/modules/run_main:77:12)
Jul 21 23:16:16 ip-172-31-90-2 web: at node:internal/main/run_main_module:17:47 {
Jul 21 23:16:16 ip-172-31-90-2 web: code: 'MODULE_NOT_FOUND',
Jul 21 23:16:16 ip-172-31-90-2 web: requireStack: []
Jul 21 23:16:16 ip-172-31-90-2 web: }
Jul 21 23:16:16 ip-172-31-90-2 web: > udagram-api@2.0.0 start
Jul 21 23:16:16 ip-172-31-90-2 web: > node ./www/server.js
Jul 21 23:16:17 ip-172-31-90-2 web: node:internal/modules/cjs/loader:936
Jul 21 23:16:17 ip-172-31-90-2 web: throw err;
Jul 21 23:16:17 ip-172-31-90-2 web: ^
Jul 21 23:16:17 ip-172-31-90-2 web: Error: Cannot find module '/var/app/current/www/server.js'
Jul 21 23:16:17 ip-172-31-90-2 web: at Function.Module._resolveFilename (node:internal/modules/cjs/loader:933:15)
Jul 21 23:16:17 ip-172-31-90-2 web: at Function.Module._load (node:internal/modules/cjs/loader:778:27)
Jul 21 23:16:17 ip-172-31-90-2 web: at Function.executeUserEntryPoint [as runMain] (node:internal/modules/run_main:77:12)
Jul 21 23:16:17 ip-172-31-90-2 web: at node:internal/main/run_main_module:17:47 {
Jul 21 23:16:17 ip-172-31-90-2 web: code: 'MODULE_NOT_FOUND',
Jul 21 23:16:17 ip-172-31-90-2 web: requireStack: []
Jul 21 23:16:17 ip-172-31-90-2 web: }
Jul 21 23:16:17 ip-172-31-90-2 web: > udagram-api@2.0.0 start
Jul 21 23:16:17 ip-172-31-90-2 web: > node ./www/server.js
Jul 21 23:16:17 ip-172-31-90-2 web: node:internal/modules/cjs/loader:936
Jul 21 23:16:17 ip-172-31-90-2 web: throw err;
Jul 21 23:16:17 ip-172-31-90-2 web: ^
Jul 21 23:16:17 ip-172-31-90-2 web: Error: Cannot find module '/var/app/current/www/server.js'
Jul 21 23:16:17 ip-172-31-90-2 web: at Function.Module._resolveFilename (node:internal/modules/cjs/loader:933:15)
Jul 21 23:16:17 ip-172-31-90-2 web: at Function.Module._load (node:internal/modules/cjs/loader:778:27)
Jul 21 23:16:17 ip-172-31-90-2 web: at Function.executeUserEntryPoint [as runMain] (node:internal/modules/run_main:77:12)
Jul 21 23:16:17 ip-172-31-90-2 web: at node:internal/main/run_main_module:17:47 {
Jul 21 23:16:17 ip-172-31-90-2 web: code: 'MODULE_NOT_FOUND',
Jul 21 23:16:17 ip-172-31-90-2 web: requireStack: []
Jul 21 23:16:17 ip-172-31-90-2 web: }
Jul 21 23:16:18 ip-172-31-90-2 web: > udagram-api@2.0.0 start
Jul 21 23:16:18 ip-172-31-90-2 web: > node ./www/server.js
Jul 21 23:16:18 ip-172-31-90-2 web: node:internal/modules/cjs/loader:936
Jul 21 23:16:18 ip-172-31-90-2 web: throw err;
Jul 21 23:16:18 ip-172-31-90-2 web: ^
Jul 21 23:16:18 ip-172-31-90-2 web: Error: Cannot find module '/var/app/current/www/server.js'
Jul 21 23:16:18 ip-172-31-90-2 web: at Function.Module._resolveFilename (node:internal/modules/cjs/loader:933:15)
Jul 21 23:16:18 ip-172-31-90-2 web: at Function.Module._load (node:internal/modules/cjs/loader:778:27)
Jul 21 23:16:18 ip-172-31-90-2 web: at Function.executeUserEntryPoint [as runMain] (node:internal/modules/run_main:77:12)
Jul 21 23:16:18 ip-172-31-90-2 web: at node:internal/main/run_main_module:17:47 {
Jul 21 23:16:18 ip-172-31-90-2 web: code: 'MODULE_NOT_FOUND',
Jul 21 23:16:18 ip-172-31-90-2 web: requireStack: []
Jul 21 23:16:18 ip-172-31-90-2 web: }
Jul 21 23:16:19 ip-172-31-90-2 web: > udagram-api@2.0.0 start
Jul 21 23:16:19 ip-172-31-90-2 web: > node ./www/server.js
Jul 21 23:16:19 ip-172-31-90-2 web: node:internal/modules/cjs/loader:936
Jul 21 23:16:19 ip-172-31-90-2 web: throw err;
Jul 21 23:16:19 ip-172-31-90-2 web: ^
Jul 21 23:16:19 ip-172-31-90-2 web: Error: Cannot find module '/var/app/current/www/server.js'
Jul 21 23:16:19 ip-172-31-90-2 web: at Function.Module._resolveFilename (node:internal/modules/cjs/loader:933:15)
Jul 21 23:16:19 ip-172-31-90-2 web: at Function.Module._load (node:internal/modules/cjs/loader:778:27)
Jul 21 23:16:19 ip-172-31-90-2 web: at Function.executeUserEntryPoint [as runMain] (node:internal/modules/run_main:77:12)
Jul 21 23:16:19 ip-172-31-90-2 web: at node:internal/main/run_main_module:17:47 {
Jul 21 23:16:19 ip-172-31-90-2 web: code: 'MODULE_NOT_FOUND',
Jul 21 23:16:19 ip-172-31-90-2 web: requireStack: []
Jul 21 23:16:19 ip-172-31-90-2 web: }
Jul 21 23:16:19 ip-172-31-90-2 web: > udagram-api@2.0.0 start
Jul 21 23:16:19 ip-172-31-90-2 web: > node ./www/server.js
Jul 21 23:16:20 ip-172-31-90-2 web: node:internal/modules/cjs/loader:936
Jul 21 23:16:20 ip-172-31-90-2 web: throw err;
Jul 21 23:16:20 ip-172-31-90-2 web: ^
Jul 21 23:16:20 ip-172-31-90-2 web: Error: Cannot find module '/var/app/current/www/server.js'
Jul 21 23:16:20 ip-172-31-90-2 web: at Function.Module._resolveFilename (node:internal/modules/cjs/loader:933:15)
Jul 21 23:16:20 ip-172-31-90-2 web: at Function.Module._load (node:internal/modules/cjs/loader:778:27)
Jul 21 23:16:20 ip-172-31-90-2 web: at Function.executeUserEntryPoint [as runMain] (node:internal/modules/run_main:77:12)
Jul 21 23:16:20 ip-172-31-90-2 web: at node:internal/main/run_main_module:17:47 {
Jul 21 23:16:20 ip-172-31-90-2 web: code: 'MODULE_NOT_FOUND',
Jul 21 23:16:20 ip-172-31-90-2 web: requireStack: []
Jul 21 23:16:20 ip-172-31-90-2 web: }
Jul 21 23:23:14 ip-172-31-90-2 web: > udagram-api@2.0.0 start
Jul 21 23:23:14 ip-172-31-90-2 web: > node ./server.js
Jul 21 23:23:15 ip-172-31-90-2 web: Executing (default): CREATE TABLE IF NOT EXISTS "FeedItem" ("id"   SERIAL , "caption" VARCHAR(255), "url" VARCHAR(255), "createdAt" TIMESTAMP WITH TIME ZONE, "updatedAt" TIMESTAMP WITH TIME ZONE, PRIMARY KEY ("id"));
Jul 21 23:23:15 ip-172-31-90-2 web: Executing (default): SELECT i.relname AS name, ix.indisprimary AS primary, ix.indisunique AS unique, ix.indkey AS indkey, array_agg(a.attnum) as column_indexes, array_agg(a.attname) AS column_names, pg_get_indexdef(ix.indexrelid) AS definition FROM pg_class t, pg_class i, pg_index ix, pg_attribute a WHERE t.oid = ix.indrelid AND i.oid = ix.indexrelid AND a.attrelid = t.oid AND t.relkind = 'r' and t.relname = 'FeedItem' GROUP BY i.relname, ix.indexrelid, ix.indisprimary, ix.indisunique, ix.indkey ORDER BY i.relname;
Jul 21 23:23:15 ip-172-31-90-2 web: Executing (default): CREATE TABLE IF NOT EXISTS "User" ("email" VARCHAR(255) , "passwordHash" VARCHAR(255), "createdAt" TIMESTAMP WITH TIME ZONE, "updatedAt" TIMESTAMP WITH TIME ZONE, PRIMARY KEY ("email"));
Jul 21 23:23:15 ip-172-31-90-2 web: Executing (default): SELECT i.relname AS name, ix.indisprimary AS primary, ix.indisunique AS unique, ix.indkey AS indkey, array_agg(a.attnum) as column_indexes, array_agg(a.attname) AS column_names, pg_get_indexdef(ix.indexrelid) AS definition FROM pg_class t, pg_class i, pg_index ix, pg_attribute a WHERE t.oid = ix.indrelid AND i.oid = ix.indexrelid AND a.attrelid = t.oid AND t.relkind = 'r' and t.relname = 'User' GROUP BY i.relname, ix.indexrelid, ix.indisprimary, ix.indisunique, ix.indkey ORDER BY i.relname;
Jul 21 23:23:15 ip-172-31-90-2 web: Database Connected
Jul 21 23:23:15 ip-172-31-90-2 web: Backend server is listening on port 8080....
Jul 21 23:23:15 ip-172-31-90-2 web: Frontent server running http://randomudacity.s3-website-us-east-1.amazonaws.com
Jul 21 23:23:15 ip-172-31-90-2 web: press CTRL+C to stop server
Jul 21 23:24:32 ip-172-31-90-2 web: Executing (default): SELECT count(*) AS "count" FROM "FeedItem" AS "FeedItem";
Jul 21 23:24:32 ip-172-31-90-2 web: Executing (default): SELECT "id", "caption", "url", "createdAt", "updatedAt" FROM "FeedItem" AS "FeedItem" ORDER BY "FeedItem"."id" DESC;
Jul 21 23:24:56 ip-172-31-90-2 web: Executing (default): SELECT "email", "passwordHash", "createdAt", "updatedAt" FROM "User" AS "User" WHERE "User"."email" = 'test@gmail.com';
Jul 21 23:24:56 ip-172-31-90-2 web: Executing (default): INSERT INTO "User" ("email","passwordHash","createdAt","updatedAt") VALUES ($1,$2,$3,$4) RETURNING *;
Jul 21 23:30:06 ip-172-31-90-2 web: Executing (default): SELECT count(*) AS "count" FROM "FeedItem" AS "FeedItem";
Jul 21 23:30:06 ip-172-31-90-2 web: Executing (default): SELECT "id", "caption", "url", "createdAt", "updatedAt" FROM "FeedItem" AS "FeedItem" ORDER BY "FeedItem"."id" DESC;
Jul 21 23:30:20 ip-172-31-90-2 web: > udagram-api@2.0.0 start
Jul 21 23:30:20 ip-172-31-90-2 web: > node ./server.js
Jul 21 23:30:22 ip-172-31-90-2 web: Executing (default): CREATE TABLE IF NOT EXISTS "FeedItem" ("id"   SERIAL , "caption" VARCHAR(255), "url" VARCHAR(255), "createdAt" TIMESTAMP WITH TIME ZONE, "updatedAt" TIMESTAMP WITH TIME ZONE, PRIMARY KEY ("id"));
Jul 21 23:30:22 ip-172-31-90-2 web: Executing (default): SELECT i.relname AS name, ix.indisprimary AS primary, ix.indisunique AS unique, ix.indkey AS indkey, array_agg(a.attnum) as column_indexes, array_agg(a.attname) AS column_names, pg_get_indexdef(ix.indexrelid) AS definition FROM pg_class t, pg_class i, pg_index ix, pg_attribute a WHERE t.oid = ix.indrelid AND i.oid = ix.indexrelid AND a.attrelid = t.oid AND t.relkind = 'r' and t.relname = 'FeedItem' GROUP BY i.relname, ix.indexrelid, ix.indisprimary, ix.indisunique, ix.indkey ORDER BY i.relname;
Jul 21 23:30:22 ip-172-31-90-2 web: Executing (default): CREATE TABLE IF NOT EXISTS "User" ("email" VARCHAR(255) , "passwordHash" VARCHAR(255), "createdAt" TIMESTAMP WITH TIME ZONE, "updatedAt" TIMESTAMP WITH TIME ZONE, PRIMARY KEY ("email"));
Jul 21 23:30:22 ip-172-31-90-2 web: Executing (default): SELECT i.relname AS name, ix.indisprimary AS primary, ix.indisunique AS unique, ix.indkey AS indkey, array_agg(a.attnum) as column_indexes, array_agg(a.attname) AS column_names, pg_get_indexdef(ix.indexrelid) AS definition FROM pg_class t, pg_class i, pg_index ix, pg_attribute a WHERE t.oid = ix.indrelid AND i.oid = ix.indexrelid AND a.attrelid = t.oid AND t.relkind = 'r' and t.relname = 'User' GROUP BY i.relname, ix.indexrelid, ix.indisprimary, ix.indisunique, ix.indkey ORDER BY i.relname;
Jul 21 23:30:22 ip-172-31-90-2 web: Database Connected
Jul 21 23:30:22 ip-172-31-90-2 web: Backend server is listening on port 8080....
Jul 21 23:30:22 ip-172-31-90-2 web: Frontent server running http://randomudacity.s3-website-us-east-1.amazonaws.com
Jul 21 23:30:22 ip-172-31-90-2 web: press CTRL+C to stop server
Jul 21 23:30:38 ip-172-31-90-2 web: Executing (default): SELECT count(*) AS "count" FROM "FeedItem" AS "FeedItem";
Jul 21 23:30:38 ip-172-31-90-2 web: Executing (default): SELECT "id", "caption", "url", "createdAt", "updatedAt" FROM "FeedItem" AS "FeedItem" ORDER BY "FeedItem"."id" DESC;
Jul 21 23:30:53 ip-172-31-90-2 web: Executing (default): SELECT "email", "passwordHash", "createdAt", "updatedAt" FROM "User" AS "User" WHERE "User"."email" = 'test@gmail.com';
Jul 21 23:31:37 ip-172-31-90-2 web: Executing (default): SELECT "email", "passwordHash", "createdAt", "updatedAt" FROM "User" AS "User" WHERE "User"."email" = 'test@gmail.com';
Jul 21 23:32:43 ip-172-31-90-2 web: Executing (default): SELECT count(*) AS "count" FROM "FeedItem" AS "FeedItem";
Jul 21 23:32:43 ip-172-31-90-2 web: Executing (default): SELECT "id", "caption", "url", "createdAt", "updatedAt" FROM "FeedItem" AS "FeedItem" ORDER BY "FeedItem"."id" DESC;
Jul 21 23:33:52 ip-172-31-90-2 web: > udagram-api@2.0.0 start
Jul 21 23:33:52 ip-172-31-90-2 web: > node ./server.js
Jul 21 23:33:53 ip-172-31-90-2 web: Executing (default): CREATE TABLE IF NOT EXISTS "FeedItem" ("id"   SERIAL , "caption" VARCHAR(255), "url" VARCHAR(255), "createdAt" TIMESTAMP WITH TIME ZONE, "updatedAt" TIMESTAMP WITH TIME ZONE, PRIMARY KEY ("id"));
Jul 21 23:33:53 ip-172-31-90-2 web: Executing (default): SELECT i.relname AS name, ix.indisprimary AS primary, ix.indisunique AS unique, ix.indkey AS indkey, array_agg(a.attnum) as column_indexes, array_agg(a.attname) AS column_names, pg_get_indexdef(ix.indexrelid) AS definition FROM pg_class t, pg_class i, pg_index ix, pg_attribute a WHERE t.oid = ix.indrelid AND i.oid = ix.indexrelid AND a.attrelid = t.oid AND t.relkind = 'r' and t.relname = 'FeedItem' GROUP BY i.relname, ix.indexrelid, ix.indisprimary, ix.indisunique, ix.indkey ORDER BY i.relname;
Jul 21 23:33:53 ip-172-31-90-2 web: Executing (default): CREATE TABLE IF NOT EXISTS "User" ("email" VARCHAR(255) , "passwordHash" VARCHAR(255), "createdAt" TIMESTAMP WITH TIME ZONE, "updatedAt" TIMESTAMP WITH TIME ZONE, PRIMARY KEY ("email"));
Jul 21 23:33:53 ip-172-31-90-2 web: Executing (default): SELECT i.relname AS name, ix.indisprimary AS primary, ix.indisunique AS unique, ix.indkey AS indkey, array_agg(a.attnum) as column_indexes, array_agg(a.attname) AS column_names, pg_get_indexdef(ix.indexrelid) AS definition FROM pg_class t, pg_class i, pg_index ix, pg_attribute a WHERE t.oid = ix.indrelid AND i.oid = ix.indexrelid AND a.attrelid = t.oid AND t.relkind = 'r' and t.relname = 'User' GROUP BY i.relname, ix.indexrelid, ix.indisprimary, ix.indisunique, ix.indkey ORDER BY i.relname;
Jul 21 23:33:53 ip-172-31-90-2 web: Database Connected
Jul 21 23:33:53 ip-172-31-90-2 web: Backend server is listening on port 8080....
Jul 21 23:33:53 ip-172-31-90-2 web: Frontent server running http://randomudacity.s3-website-us-east-1.amazonaws.com
Jul 21 23:33:53 ip-172-31-90-2 web: press CTRL+C to stop server
Jul 21 23:49:18 ip-172-31-90-2 web: Executing (default): SELECT count(*) AS "count" FROM "FeedItem" AS "FeedItem";
Jul 21 23:49:18 ip-172-31-90-2 web: Executing (default): SELECT "id", "caption", "url", "createdAt", "updatedAt" FROM "FeedItem" AS "FeedItem" ORDER BY "FeedItem"."id" DESC;
Jul 22 00:22:11 ip-172-31-90-2 web: Executing (default): SELECT count(*) AS "count" FROM "FeedItem" AS "FeedItem";
Jul 22 00:22:11 ip-172-31-90-2 web: Executing (default): SELECT "id", "caption", "url", "createdAt", "updatedAt" FROM "FeedItem" AS "FeedItem" ORDER BY "FeedItem"."id" DESC;
Jul 22 00:49:03 ip-172-31-90-2 web: > udagram-api@2.0.0 start
Jul 22 00:49:03 ip-172-31-90-2 web: > node ./server.js
Jul 22 00:49:04 ip-172-31-90-2 web: Executing (default): CREATE TABLE IF NOT EXISTS "FeedItem" ("id"   SERIAL , "caption" VARCHAR(255), "url" VARCHAR(255), "createdAt" TIMESTAMP WITH TIME ZONE, "updatedAt" TIMESTAMP WITH TIME ZONE, PRIMARY KEY ("id"));
Jul 22 00:49:04 ip-172-31-90-2 web: Executing (default): SELECT i.relname AS name, ix.indisprimary AS primary, ix.indisunique AS unique, ix.indkey AS indkey, array_agg(a.attnum) as column_indexes, array_agg(a.attname) AS column_names, pg_get_indexdef(ix.indexrelid) AS definition FROM pg_class t, pg_class i, pg_index ix, pg_attribute a WHERE t.oid = ix.indrelid AND i.oid = ix.indexrelid AND a.attrelid = t.oid AND t.relkind = 'r' and t.relname = 'FeedItem' GROUP BY i.relname, ix.indexrelid, ix.indisprimary, ix.indisunique, ix.indkey ORDER BY i.relname;
Jul 22 00:49:04 ip-172-31-90-2 web: Executing (default): CREATE TABLE IF NOT EXISTS "User" ("email" VARCHAR(255) , "passwordHash" VARCHAR(255), "createdAt" TIMESTAMP WITH TIME ZONE, "updatedAt" TIMESTAMP WITH TIME ZONE, PRIMARY KEY ("email"));
Jul 22 00:49:04 ip-172-31-90-2 web: Executing (default): SELECT i.relname AS name, ix.indisprimary AS primary, ix.indisunique AS unique, ix.indkey AS indkey, array_agg(a.attnum) as column_indexes, array_agg(a.attname) AS column_names, pg_get_indexdef(ix.indexrelid) AS definition FROM pg_class t, pg_class i, pg_index ix, pg_attribute a WHERE t.oid = ix.indrelid AND i.oid = ix.indexrelid AND a.attrelid = t.oid AND t.relkind = 'r' and t.relname = 'User' GROUP BY i.relname, ix.indexrelid, ix.indisprimary, ix.indisunique, ix.indkey ORDER BY i.relname;
Jul 22 00:49:04 ip-172-31-90-2 web: Database Connected
Jul 22 00:49:04 ip-172-31-90-2 web: Backend server is listening on port 8080....
Jul 22 00:49:04 ip-172-31-90-2 web: Frontent server running http://randomudacity.s3-website-us-east-1.amazonaws.com
Jul 22 00:49:04 ip-172-31-90-2 web: press CTRL+C to stop server
Jul 22 00:49:08 ip-172-31-90-2 web: Executing (default): SELECT count(*) AS "count" FROM "FeedItem" AS "FeedItem";
Jul 22 00:49:08 ip-172-31-90-2 web: Executing (default): SELECT "id", "caption", "url", "createdAt", "updatedAt" FROM "FeedItem" AS "FeedItem" ORDER BY "FeedItem"."id" DESC;
Jul 22 00:49:45 ip-172-31-90-2 web: Executing (default): SELECT count(*) AS "count" FROM "FeedItem" AS "FeedItem";
Jul 22 00:49:45 ip-172-31-90-2 web: Executing (default): SELECT "id", "caption", "url", "createdAt", "updatedAt" FROM "FeedItem" AS "FeedItem" ORDER BY "FeedItem"."id" DESC;
Jul 22 00:50:11 ip-172-31-90-2 web: Executing (default): SELECT count(*) AS "count" FROM "FeedItem" AS "FeedItem";
Jul 22 00:50:11 ip-172-31-90-2 web: Executing (default): SELECT "id", "caption", "url", "createdAt", "updatedAt" FROM "FeedItem" AS "FeedItem" ORDER BY "FeedItem"."id" DESC;
Jul 22 00:50:22 ip-172-31-90-2 web: Executing (default): SELECT count(*) AS "count" FROM "FeedItem" AS "FeedItem";
Jul 22 00:50:22 ip-172-31-90-2 web: Executing (default): SELECT "id", "caption", "url", "createdAt", "updatedAt" FROM "FeedItem" AS "FeedItem" ORDER BY "FeedItem"."id" DESC;
Jul 22 00:50:40 ip-172-31-90-2 web: Executing (default): SELECT "email", "passwordHash", "createdAt", "updatedAt" FROM "User" AS "User" WHERE "User"."email" = 'test@gmail.com';
Jul 22 00:51:17 ip-172-31-90-2 web: Executing (default): SELECT "email", "passwordHash", "createdAt", "updatedAt" FROM "User" AS "User" WHERE "User"."email" = 'auth:422';
Jul 22 00:51:58 ip-172-31-90-2 web: Executing (default): SELECT count(*) AS "count" FROM "FeedItem" AS "FeedItem";
Jul 22 00:51:58 ip-172-31-90-2 web: Executing (default): SELECT "id", "caption", "url", "createdAt", "updatedAt" FROM "FeedItem" AS "FeedItem" ORDER BY "FeedItem"."id" DESC;
Jul 22 00:52:51 ip-172-31-90-2 web: Executing (default): SELECT count(*) AS "count" FROM "FeedItem" AS "FeedItem";
Jul 22 00:52:51 ip-172-31-90-2 web: Executing (default): SELECT "id", "caption", "url", "createdAt", "updatedAt" FROM "FeedItem" AS "FeedItem" ORDER BY "FeedItem"."id" DESC;
Jul 22 00:53:10 ip-172-31-90-2 web: Executing (default): SELECT "email", "passwordHash", "createdAt", "updatedAt" FROM "User" AS "User" WHERE "User"."email" = 'test@gmail.com';
